TN:
SF:src\App.js
FN:8,App
FNF:1
FNH:0
FNDA:0,App
DA:9,0
LF:1
LH:0
BRF:0
BRH:0
end_of_record
TN:
SF:src\index.js
FNF:0
FNH:0
DA:7,0
DA:8,0
DA:17,0
LF:3
LH:0
BRF:0
BRH:0
end_of_record
TN:
SF:src\reportWebVitals.js
FN:1,(anonymous_0)
FN:3,(anonymous_1)
FNF:2
FNH:0
FNDA:0,(anonymous_0)
FNDA:0,(anonymous_1)
DA:1,0
DA:2,0
DA:3,0
DA:4,0
DA:5,0
DA:6,0
DA:7,0
DA:8,0
LF:8
LH:0
BRDA:2,0,0,0
BRDA:2,0,1,0
BRDA:2,1,0,0
BRDA:2,1,1,0
BRF:4
BRH:0
end_of_record
TN:
SF:src\Component\Application.js
FN:3,Application
FNF:1
FNH:1
FNDA:1,Application
DA:4,1
LF:1
LH:1
BRF:0
BRH:0
end_of_record
TN:
SF:src\Component\Counter.js
FN:3,Counter
FN:7,(anonymous_1)
FN:11,(anonymous_2)
FN:14,(anonymous_3)
FNF:4
FNH:1
FNDA:1,Counter
FNDA:0,(anonymous_1)
FNDA:0,(anonymous_2)
FNDA:0,(anonymous_3)
DA:4,1
DA:5,1
DA:7,1
DA:8,0
DA:11,1
DA:12,0
DA:14,1
DA:15,0
DA:17,1
LF:9
LH:6
BRF:0
BRH:0
end_of_record
TN:
SF:src\Component\Counter1.js
FN:3,Counter1
FN:8,(anonymous_1)
FNF:2
FNH:2
FNDA:7,Counter1
FNDA:3,(anonymous_1)
DA:4,7
DA:5,6
DA:8,3
LF:3
LH:3
BRF:0
BRH:0
end_of_record
TN:
SF:src\Component\Hello.js
FN:3,Hello
FNF:1
FNH:1
FNDA:2,Hello
DA:4,2
LF:1
LH:1
BRF:0
BRH:0
end_of_record
TN:
SF:src\Component\Login.js
FN:3,LoginForm
FN:7,(anonymous_1)
FN:8,(anonymous_2)
FN:10,(anonymous_3)
FNF:4
FNH:0
FNDA:0,LoginForm
FNDA:0,(anonymous_1)
FNDA:0,(anonymous_2)
FNDA:0,(anonymous_3)
DA:4,0
DA:5,0
DA:7,0
DA:8,0
DA:10,0
DA:11,0
DA:12,0
DA:15,0
LF:8
LH:0
BRF:0
BRH:0
end_of_record
TN:
SF:src\Component\Skill.js
FN:3,Skill
FN:8,(anonymous_1)
FNF:2
FNH:2
FNDA:2,Skill
FNDA:6,(anonymous_1)
DA:4,2
DA:9,6
LF:2
LH:2
BRF:0
BRH:0
end_of_record
TN:
SF:src\Component\useCounter.js
FN:3,useCounter
FN:5,(anonymous_1)
FN:6,(anonymous_2)
FNF:3
FNH:0
FNDA:0,useCounter
FNDA:0,(anonymous_1)
FNDA:0,(anonymous_2)
DA:4,0
DA:5,0
DA:6,0
DA:7,0
LF:4
LH:0
BRF:0
BRH:0
end_of_record
